

Version:	3.50
CmdLine:	G:\college\year_1\Term_2\Java\CollegeProjectCode\finalProject\notesApp.exe --l4j-debug
JNI:		No
WOW64:		Yes
Working dir:	G:\college\year_1\Term_2\Java\CollegeProjectCode\finalProject\.
Requires JDK:	No
Requires 64-Bit: No
Java min ver:	
Java max ver:	
Substitute:	JAVA_HOME = 
Substitute:	PATH = C:\Program Files\Common Files\Oracle\Java\javapath;C:\Program Files (x86)\Common Files\Oracle\Java\javapath;C:\Program Files\PlasticSCM5\server;C:\Program Files\PlasticSCM5\client;C:\mingw64\bin;C:\Program Files\Oculus\Support\oculus-runtime;C:\Windows\system32;C:\Windows;C:\Windows\System32\Wbem;C:\Windows\System32\WindowsPowerShell\v1.0\;C:\Windows\System32\OpenSSH\;C:\Program Files (x86)\NVIDIA Corporation\PhysX\Common;C:\WINDOWS\system32;C:\WINDOWS;C:\WINDOWS\System32\Wbem;C:\WINDOWS\System32\WindowsPowerShell\v1.0\;C:\WINDOWS\System32\OpenSSH\;C:\Program Files\dotnet\;C:\Program Files\Microsoft SQL Server\130\Tools\Binn\;C:\Program Files\Microsoft SQL Server\Client SDK\ODBC\170\Tools\Binn\;C:\Program Files\Git\cmd;C:\Program Files\Git LFS;C:\Program Files\NVIDIA Corporation\NVIDIA NvDLISR;C:\Program Files\nodejs\;C:\Program Files\PuTTY\;C:\Users\salma\AppData\Local\Microsoft\WindowsApps;C:\Program Files\JetBrains\PyCharm 2023.1.1\bin;;C:\Program Files\JetBrains\PyCharm Community Edition 2023.1.1\bin;;C:\Users\salma\AppData\Local\Programs\Microsoft VS Code\bin;C:\Users\salma\.dotnet\tools;C:\Users\salma\AppData\Local\GitHubDesktop\bin;C:\Program Files\JetBrains\JetBrains Rider 2023.2\bin;C:\GUI_DEV_LIBRARIES\SDL2_image-devel-2.6.3-VC\SDL2_image-2.6.3\lib\x64;C:\GUI_DEV_LIBRARIES\SDL2_image-devel-2.6.3-VC\SDL2_image-2.6.3\lib\x86;C:\GUI_DEV_LIBRARIES\SDL2-devel-2.28.5-VC\SDL2-2.28.5\lib\x64;C:\GUI_DEV_LIBRARIES\SDL2-devel-2.28.5-VC\SDL2-2.28.5\lib\x86;;C:\Users\salma\AppData\Roaming\npm;C:\Program Files\Java\jre-1.8\bin
JRE paths:	;C:\Program Files\Common Files\Oracle\Java\javapath;C:\Program Files (x86)\Common Files\Oracle\Java\javapath;C:\Program Files\PlasticSCM5\server;C:\Program Files\PlasticSCM5\client;C:\mingw64\bin;C:\Program Files\Oculus\Support\oculus-runtime;C:\Windows\system32;C:\Windows;C:\Windows\System32\Wbem;C:\Windows\System32\WindowsPowerShell\v1.0\;C:\Windows\System32\OpenSSH\;C:\Program Files (x86)\NVIDIA Corporation\PhysX\Common;C:\WINDOWS\system32;C:\WINDOWS;C:\WINDOWS\System32\Wbem;C:\WINDOWS\System32\WindowsPowerShell\v1.0\;C:\WINDOWS\System32\OpenSSH\;C:\Program Files\dotnet\;C:\Program Files\Microsoft SQL Server\130\Tools\Binn\;C:\Program Files\Microsoft SQL Server\Client SDK\ODBC\170\Tools\Binn\;C:\Program Files\Git\cmd;C:\Program Files\Git LFS;C:\Program Files\NVIDIA Corporation\NVIDIA NvDLISR;C:\Program Files\nodejs\;C:\Program Files\PuTTY\;C:\Users\salma\AppData\Local\Microsoft\WindowsApps;C:\Program Files\JetBrains\PyCharm 2023.1.1\bin;;C:\Program Files\JetBrains\PyCharm Community Edition 2023.1.1\bin;;C:\Users\salma\AppData\Local\Programs\Microsoft VS Code\bin;C:\Users\salma\.dotnet\tools;C:\Users\salma\AppData\Local\GitHubDesktop\bin;C:\Program Files\JetBrains\JetBrains Rider 2023.2\bin;C:\GUI_DEV_LIBRARIES\SDL2_image-devel-2.6.3-VC\SDL2_image-2.6.3\lib\x64;C:\GUI_DEV_LIBRARIES\SDL2_image-devel-2.6.3-VC\SDL2_image-2.6.3\lib\x86;C:\GUI_DEV_LIBRARIES\SDL2-devel-2.28.5-VC\SDL2-2.28.5\lib\x64;C:\GUI_DEV_LIBRARIES\SDL2-devel-2.28.5-VC\SDL2-2.28.5\lib\x86;;C:\Users\salma\AppData\Roaming\npm;C:\Program Files\Java\jre-1.8\bin
Check launcher:	C:\Program Files\Common Files\Oracle\Java\javapath\bin\javaw.exe (not found)
Check launcher:	C:\Program Files (x86)\Common Files\Oracle\Java\javapath\bin\javaw.exe (not found)
Check launcher:	C:\Program Files\PlasticSCM5\server\bin\javaw.exe (not found)
Check launcher:	C:\Program Files\PlasticSCM5\client\bin\javaw.exe (not found)
Check launcher:	C:\mingw64\bin\javaw.exe (not found)
Check launcher:	C:\Program Files\Oculus\Support\oculus-runtime\bin\javaw.exe (not found)
Check launcher:	C:\Windows\system32\bin\javaw.exe (not found)
Check launcher:	C:\Windows\bin\javaw.exe (not found)
Check launcher:	C:\Windows\System32\Wbem\bin\javaw.exe (not found)
Check launcher:	C:\Windows\System32\WindowsPowerShell\v1.0\bin\javaw.exe (not found)
Check launcher:	C:\Windows\System32\OpenSSH\bin\javaw.exe (not found)
Check launcher:	C:\Program Files (x86)\NVIDIA Corporation\PhysX\Common\bin\javaw.exe (not found)
Check launcher:	C:\WINDOWS\system32\bin\javaw.exe (not found)
Check launcher:	C:\WINDOWS\bin\javaw.exe (not found)
Check launcher:	C:\WINDOWS\System32\Wbem\bin\javaw.exe (not found)
Check launcher:	C:\WINDOWS\System32\WindowsPowerShell\v1.0\bin\javaw.exe (not found)
Check launcher:	C:\WINDOWS\System32\OpenSSH\bin\javaw.exe (not found)
Check launcher:	C:\Program Files\dotnet\bin\javaw.exe (not found)
Check launcher:	C:\Program Files\Microsoft SQL Server\130\Tools\Binn\bin\javaw.exe (not found)
Check launcher:	C:\Program Files\Microsoft SQL Server\Client SDK\ODBC\170\Tools\Binn\bin\javaw.exe (not found)
Check launcher:	C:\Program Files\Git\cmd\bin\javaw.exe (not found)
Check launcher:	C:\Program Files\Git LFS\bin\javaw.exe (not found)
Check launcher:	C:\Program Files\NVIDIA Corporation\NVIDIA NvDLISR\bin\javaw.exe (not found)
Check launcher:	C:\Program Files\nodejs\bin\javaw.exe (not found)
Check launcher:	C:\Program Files\PuTTY\bin\javaw.exe (not found)
Check launcher:	C:\Users\salma\AppData\Local\Microsoft\WindowsApps\bin\javaw.exe (not found)
Check launcher:	C:\Program Files\JetBrains\PyCharm 2023.1.1\bin\javaw.exe (not found)
Check launcher:	C:\Program Files\JetBrains\PyCharm Community Edition 2023.1.1\bin\javaw.exe (not found)
Check launcher:	C:\Users\salma\AppData\Local\Programs\Microsoft VS Code\bin\javaw.exe (not found)
Check launcher:	C:\Users\salma\.dotnet\tools\bin\javaw.exe (not found)
Check launcher:	C:\Users\salma\AppData\Local\GitHubDesktop\bin\javaw.exe (not found)
Check launcher:	C:\Program Files\JetBrains\JetBrains Rider 2023.2\bin\javaw.exe (not found)
Check launcher:	C:\GUI_DEV_LIBRARIES\SDL2_image-devel-2.6.3-VC\SDL2_image-2.6.3\lib\x64\bin\javaw.exe (not found)
Check launcher:	C:\GUI_DEV_LIBRARIES\SDL2_image-devel-2.6.3-VC\SDL2_image-2.6.3\lib\x86\bin\javaw.exe (not found)
Check launcher:	C:\GUI_DEV_LIBRARIES\SDL2-devel-2.28.5-VC\SDL2-2.28.5\lib\x64\bin\javaw.exe (not found)
Check launcher:	C:\GUI_DEV_LIBRARIES\SDL2-devel-2.28.5-VC\SDL2-2.28.5\lib\x86\bin\javaw.exe (not found)
Check launcher:	C:\Users\salma\AppData\Roaming\npm\bin\javaw.exe (not found)
Check launcher:	C:\Program Files\Java\jre-1.8\bin\javaw.exe (OK)
Version string: 1.008.000_401 / 64-Bit (OK)
Launcher:	C:\Program Files\Java\jre-1.8\bin\javaw.exe
Launcher args:	-jar "G:\college\year_1\Term_2\Java\CollegeProjectCode\finalProject\notesApp.exe"
Args length:	81/32768 chars
Exit code:	0


Version:	3.50
CmdLine:	G:\college\year_1\Term_2\Java\CollegeProjectCode\finalProject\salma.exe --l4j-debug
JNI:		No
WOW64:		Yes
Working dir:	G:\college\year_1\Term_2\Java\CollegeProjectCode\finalProject\.
Requires JDK:	No
Requires 64-Bit: No
Java min ver:	1.004.000
Java max ver:	
Substitute:	JAVA_HOME = 
Substitute:	PATH = C:\Program Files\Common Files\Oracle\Java\javapath;C:\Program Files (x86)\Common Files\Oracle\Java\javapath;C:\Program Files\PlasticSCM5\server;C:\Program Files\PlasticSCM5\client;C:\mingw64\bin;C:\Program Files\Oculus\Support\oculus-runtime;C:\Windows\system32;C:\Windows;C:\Windows\System32\Wbem;C:\Windows\System32\WindowsPowerShell\v1.0\;C:\Windows\System32\OpenSSH\;C:\Program Files (x86)\NVIDIA Corporation\PhysX\Common;C:\WINDOWS\system32;C:\WINDOWS;C:\WINDOWS\System32\Wbem;C:\WINDOWS\System32\WindowsPowerShell\v1.0\;C:\WINDOWS\System32\OpenSSH\;C:\Program Files\dotnet\;C:\Program Files\Microsoft SQL Server\130\Tools\Binn\;C:\Program Files\Microsoft SQL Server\Client SDK\ODBC\170\Tools\Binn\;C:\Program Files\Git\cmd;C:\Program Files\Git LFS;C:\Program Files\NVIDIA Corporation\NVIDIA NvDLISR;C:\Program Files\nodejs\;C:\Program Files\PuTTY\;C:\Users\salma\AppData\Local\Microsoft\WindowsApps;C:\Program Files\JetBrains\PyCharm 2023.1.1\bin;;C:\Program Files\JetBrains\PyCharm Community Edition 2023.1.1\bin;;C:\Users\salma\AppData\Local\Programs\Microsoft VS Code\bin;C:\Users\salma\.dotnet\tools;C:\Users\salma\AppData\Local\GitHubDesktop\bin;C:\Program Files\JetBrains\JetBrains Rider 2023.2\bin;C:\GUI_DEV_LIBRARIES\SDL2_image-devel-2.6.3-VC\SDL2_image-2.6.3\lib\x64;C:\GUI_DEV_LIBRARIES\SDL2_image-devel-2.6.3-VC\SDL2_image-2.6.3\lib\x86;C:\GUI_DEV_LIBRARIES\SDL2-devel-2.28.5-VC\SDL2-2.28.5\lib\x64;C:\GUI_DEV_LIBRARIES\SDL2-devel-2.28.5-VC\SDL2-2.28.5\lib\x86;;C:\Users\salma\AppData\Roaming\npm;C:\Program Files\Java\jre-1.8\bin
JRE paths:	;C:\Program Files\Common Files\Oracle\Java\javapath;C:\Program Files (x86)\Common Files\Oracle\Java\javapath;C:\Program Files\PlasticSCM5\server;C:\Program Files\PlasticSCM5\client;C:\mingw64\bin;C:\Program Files\Oculus\Support\oculus-runtime;C:\Windows\system32;C:\Windows;C:\Windows\System32\Wbem;C:\Windows\System32\WindowsPowerShell\v1.0\;C:\Windows\System32\OpenSSH\;C:\Program Files (x86)\NVIDIA Corporation\PhysX\Common;C:\WINDOWS\system32;C:\WINDOWS;C:\WINDOWS\System32\Wbem;C:\WINDOWS\System32\WindowsPowerShell\v1.0\;C:\WINDOWS\System32\OpenSSH\;C:\Program Files\dotnet\;C:\Program Files\Microsoft SQL Server\130\Tools\Binn\;C:\Program Files\Microsoft SQL Server\Client SDK\ODBC\170\Tools\Binn\;C:\Program Files\Git\cmd;C:\Program Files\Git LFS;C:\Program Files\NVIDIA Corporation\NVIDIA NvDLISR;C:\Program Files\nodejs\;C:\Program Files\PuTTY\;C:\Users\salma\AppData\Local\Microsoft\WindowsApps;C:\Program Files\JetBrains\PyCharm 2023.1.1\bin;;C:\Program Files\JetBrains\PyCharm Community Edition 2023.1.1\bin;;C:\Users\salma\AppData\Local\Programs\Microsoft VS Code\bin;C:\Users\salma\.dotnet\tools;C:\Users\salma\AppData\Local\GitHubDesktop\bin;C:\Program Files\JetBrains\JetBrains Rider 2023.2\bin;C:\GUI_DEV_LIBRARIES\SDL2_image-devel-2.6.3-VC\SDL2_image-2.6.3\lib\x64;C:\GUI_DEV_LIBRARIES\SDL2_image-devel-2.6.3-VC\SDL2_image-2.6.3\lib\x86;C:\GUI_DEV_LIBRARIES\SDL2-devel-2.28.5-VC\SDL2-2.28.5\lib\x64;C:\GUI_DEV_LIBRARIES\SDL2-devel-2.28.5-VC\SDL2-2.28.5\lib\x86;;C:\Users\salma\AppData\Roaming\npm;C:\Program Files\Java\jre-1.8\bin
Check launcher:	C:\Program Files\Common Files\Oracle\Java\javapath\bin\javaw.exe (not found)
Check launcher:	C:\Program Files (x86)\Common Files\Oracle\Java\javapath\bin\javaw.exe (not found)
Check launcher:	C:\Program Files\PlasticSCM5\server\bin\javaw.exe (not found)
Check launcher:	C:\Program Files\PlasticSCM5\client\bin\javaw.exe (not found)
Check launcher:	C:\mingw64\bin\javaw.exe (not found)
Check launcher:	C:\Program Files\Oculus\Support\oculus-runtime\bin\javaw.exe (not found)
Check launcher:	C:\Windows\system32\bin\javaw.exe (not found)
Check launcher:	C:\Windows\bin\javaw.exe (not found)
Check launcher:	C:\Windows\System32\Wbem\bin\javaw.exe (not found)
Check launcher:	C:\Windows\System32\WindowsPowerShell\v1.0\bin\javaw.exe (not found)
Check launcher:	C:\Windows\System32\OpenSSH\bin\javaw.exe (not found)
Check launcher:	C:\Program Files (x86)\NVIDIA Corporation\PhysX\Common\bin\javaw.exe (not found)
Check launcher:	C:\WINDOWS\system32\bin\javaw.exe (not found)
Check launcher:	C:\WINDOWS\bin\javaw.exe (not found)
Check launcher:	C:\WINDOWS\System32\Wbem\bin\javaw.exe (not found)
Check launcher:	C:\WINDOWS\System32\WindowsPowerShell\v1.0\bin\javaw.exe (not found)
Check launcher:	C:\WINDOWS\System32\OpenSSH\bin\javaw.exe (not found)
Check launcher:	C:\Program Files\dotnet\bin\javaw.exe (not found)
Check launcher:	C:\Program Files\Microsoft SQL Server\130\Tools\Binn\bin\javaw.exe (not found)
Check launcher:	C:\Program Files\Microsoft SQL Server\Client SDK\ODBC\170\Tools\Binn\bin\javaw.exe (not found)
Check launcher:	C:\Program Files\Git\cmd\bin\javaw.exe (not found)
Check launcher:	C:\Program Files\Git LFS\bin\javaw.exe (not found)
Check launcher:	C:\Program Files\NVIDIA Corporation\NVIDIA NvDLISR\bin\javaw.exe (not found)
Check launcher:	C:\Program Files\nodejs\bin\javaw.exe (not found)
Check launcher:	C:\Program Files\PuTTY\bin\javaw.exe (not found)
Check launcher:	C:\Users\salma\AppData\Local\Microsoft\WindowsApps\bin\javaw.exe (not found)
Check launcher:	C:\Program Files\JetBrains\PyCharm 2023.1.1\bin\javaw.exe (not found)
Check launcher:	C:\Program Files\JetBrains\PyCharm Community Edition 2023.1.1\bin\javaw.exe (not found)
Check launcher:	C:\Users\salma\AppData\Local\Programs\Microsoft VS Code\bin\javaw.exe (not found)
Check launcher:	C:\Users\salma\.dotnet\tools\bin\javaw.exe (not found)
Check launcher:	C:\Users\salma\AppData\Local\GitHubDesktop\bin\javaw.exe (not found)
Check launcher:	C:\Program Files\JetBrains\JetBrains Rider 2023.2\bin\javaw.exe (not found)
Check launcher:	C:\GUI_DEV_LIBRARIES\SDL2_image-devel-2.6.3-VC\SDL2_image-2.6.3\lib\x64\bin\javaw.exe (not found)
Check launcher:	C:\GUI_DEV_LIBRARIES\SDL2_image-devel-2.6.3-VC\SDL2_image-2.6.3\lib\x86\bin\javaw.exe (not found)
Check launcher:	C:\GUI_DEV_LIBRARIES\SDL2-devel-2.28.5-VC\SDL2-2.28.5\lib\x64\bin\javaw.exe (not found)
Check launcher:	C:\GUI_DEV_LIBRARIES\SDL2-devel-2.28.5-VC\SDL2-2.28.5\lib\x86\bin\javaw.exe (not found)
Check launcher:	C:\Users\salma\AppData\Roaming\npm\bin\javaw.exe (not found)
Check launcher:	C:\Program Files\Java\jre-1.8\bin\javaw.exe (OK)
Version string: 1.008.000_401 / 64-Bit (OK)
Launcher:	C:\Program Files\Java\jre-1.8\bin\javaw.exe
Launcher args:	-jar "G:\college\year_1\Term_2\Java\CollegeProjectCode\finalProject\salma.exe"
Args length:	78/32768 chars
Exit code:	0


Version:	3.50
CmdLine:	G:\college\year_1\Term_2\Java\CollegeProjectCode\finalProject\salma.exe --l4j-debug
JNI:		No
WOW64:		Yes
Working dir:	G:\college\year_1\Term_2\Java\CollegeProjectCode\finalProject\.
Requires JDK:	No
Requires 64-Bit: No
Java min ver:	1.004.000
Java max ver:	
Substitute:	JAVA_HOME = 
Substitute:	PATH = C:\Program Files\Common Files\Oracle\Java\javapath;C:\Program Files (x86)\Common Files\Oracle\Java\javapath;C:\Program Files\PlasticSCM5\server;C:\Program Files\PlasticSCM5\client;C:\mingw64\bin;C:\Program Files\Oculus\Support\oculus-runtime;C:\Windows\system32;C:\Windows;C:\Windows\System32\Wbem;C:\Windows\System32\WindowsPowerShell\v1.0\;C:\Windows\System32\OpenSSH\;C:\Program Files (x86)\NVIDIA Corporation\PhysX\Common;C:\WINDOWS\system32;C:\WINDOWS;C:\WINDOWS\System32\Wbem;C:\WINDOWS\System32\WindowsPowerShell\v1.0\;C:\WINDOWS\System32\OpenSSH\;C:\Program Files\dotnet\;C:\Program Files\Microsoft SQL Server\130\Tools\Binn\;C:\Program Files\Microsoft SQL Server\Client SDK\ODBC\170\Tools\Binn\;C:\Program Files\Git\cmd;C:\Program Files\Git LFS;C:\Program Files\NVIDIA Corporation\NVIDIA NvDLISR;C:\Program Files\nodejs\;C:\Program Files\PuTTY\;C:\Users\salma\AppData\Local\Microsoft\WindowsApps;C:\Program Files\JetBrains\PyCharm 2023.1.1\bin;;C:\Program Files\JetBrains\PyCharm Community Edition 2023.1.1\bin;;C:\Users\salma\AppData\Local\Programs\Microsoft VS Code\bin;C:\Users\salma\.dotnet\tools;C:\Users\salma\AppData\Local\GitHubDesktop\bin;C:\Program Files\JetBrains\JetBrains Rider 2023.2\bin;C:\GUI_DEV_LIBRARIES\SDL2_image-devel-2.6.3-VC\SDL2_image-2.6.3\lib\x64;C:\GUI_DEV_LIBRARIES\SDL2_image-devel-2.6.3-VC\SDL2_image-2.6.3\lib\x86;C:\GUI_DEV_LIBRARIES\SDL2-devel-2.28.5-VC\SDL2-2.28.5\lib\x64;C:\GUI_DEV_LIBRARIES\SDL2-devel-2.28.5-VC\SDL2-2.28.5\lib\x86;;C:\Users\salma\AppData\Roaming\npm;C:\Program Files\Java\jre-1.8\bin
JRE paths:	;C:\Program Files\Common Files\Oracle\Java\javapath;C:\Program Files (x86)\Common Files\Oracle\Java\javapath;C:\Program Files\PlasticSCM5\server;C:\Program Files\PlasticSCM5\client;C:\mingw64\bin;C:\Program Files\Oculus\Support\oculus-runtime;C:\Windows\system32;C:\Windows;C:\Windows\System32\Wbem;C:\Windows\System32\WindowsPowerShell\v1.0\;C:\Windows\System32\OpenSSH\;C:\Program Files (x86)\NVIDIA Corporation\PhysX\Common;C:\WINDOWS\system32;C:\WINDOWS;C:\WINDOWS\System32\Wbem;C:\WINDOWS\System32\WindowsPowerShell\v1.0\;C:\WINDOWS\System32\OpenSSH\;C:\Program Files\dotnet\;C:\Program Files\Microsoft SQL Server\130\Tools\Binn\;C:\Program Files\Microsoft SQL Server\Client SDK\ODBC\170\Tools\Binn\;C:\Program Files\Git\cmd;C:\Program Files\Git LFS;C:\Program Files\NVIDIA Corporation\NVIDIA NvDLISR;C:\Program Files\nodejs\;C:\Program Files\PuTTY\;C:\Users\salma\AppData\Local\Microsoft\WindowsApps;C:\Program Files\JetBrains\PyCharm 2023.1.1\bin;;C:\Program Files\JetBrains\PyCharm Community Edition 2023.1.1\bin;;C:\Users\salma\AppData\Local\Programs\Microsoft VS Code\bin;C:\Users\salma\.dotnet\tools;C:\Users\salma\AppData\Local\GitHubDesktop\bin;C:\Program Files\JetBrains\JetBrains Rider 2023.2\bin;C:\GUI_DEV_LIBRARIES\SDL2_image-devel-2.6.3-VC\SDL2_image-2.6.3\lib\x64;C:\GUI_DEV_LIBRARIES\SDL2_image-devel-2.6.3-VC\SDL2_image-2.6.3\lib\x86;C:\GUI_DEV_LIBRARIES\SDL2-devel-2.28.5-VC\SDL2-2.28.5\lib\x64;C:\GUI_DEV_LIBRARIES\SDL2-devel-2.28.5-VC\SDL2-2.28.5\lib\x86;;C:\Users\salma\AppData\Roaming\npm;C:\Program Files\Java\jre-1.8\bin
Check launcher:	C:\Program Files\Common Files\Oracle\Java\javapath\bin\javaw.exe (not found)
Check launcher:	C:\Program Files (x86)\Common Files\Oracle\Java\javapath\bin\javaw.exe (not found)
Check launcher:	C:\Program Files\PlasticSCM5\server\bin\javaw.exe (not found)
Check launcher:	C:\Program Files\PlasticSCM5\client\bin\javaw.exe (not found)
Check launcher:	C:\mingw64\bin\javaw.exe (not found)
Check launcher:	C:\Program Files\Oculus\Support\oculus-runtime\bin\javaw.exe (not found)
Check launcher:	C:\Windows\system32\bin\javaw.exe (not found)
Check launcher:	C:\Windows\bin\javaw.exe (not found)
Check launcher:	C:\Windows\System32\Wbem\bin\javaw.exe (not found)
Check launcher:	C:\Windows\System32\WindowsPowerShell\v1.0\bin\javaw.exe (not found)
Check launcher:	C:\Windows\System32\OpenSSH\bin\javaw.exe (not found)
Check launcher:	C:\Program Files (x86)\NVIDIA Corporation\PhysX\Common\bin\javaw.exe (not found)
Check launcher:	C:\WINDOWS\system32\bin\javaw.exe (not found)
Check launcher:	C:\WINDOWS\bin\javaw.exe (not found)
Check launcher:	C:\WINDOWS\System32\Wbem\bin\javaw.exe (not found)
Check launcher:	C:\WINDOWS\System32\WindowsPowerShell\v1.0\bin\javaw.exe (not found)
Check launcher:	C:\WINDOWS\System32\OpenSSH\bin\javaw.exe (not found)
Check launcher:	C:\Program Files\dotnet\bin\javaw.exe (not found)
Check launcher:	C:\Program Files\Microsoft SQL Server\130\Tools\Binn\bin\javaw.exe (not found)
Check launcher:	C:\Program Files\Microsoft SQL Server\Client SDK\ODBC\170\Tools\Binn\bin\javaw.exe (not found)
Check launcher:	C:\Program Files\Git\cmd\bin\javaw.exe (not found)
Check launcher:	C:\Program Files\Git LFS\bin\javaw.exe (not found)
Check launcher:	C:\Program Files\NVIDIA Corporation\NVIDIA NvDLISR\bin\javaw.exe (not found)
Check launcher:	C:\Program Files\nodejs\bin\javaw.exe (not found)
Check launcher:	C:\Program Files\PuTTY\bin\javaw.exe (not found)
Check launcher:	C:\Users\salma\AppData\Local\Microsoft\WindowsApps\bin\javaw.exe (not found)
Check launcher:	C:\Program Files\JetBrains\PyCharm 2023.1.1\bin\javaw.exe (not found)
Check launcher:	C:\Program Files\JetBrains\PyCharm Community Edition 2023.1.1\bin\javaw.exe (not found)
Check launcher:	C:\Users\salma\AppData\Local\Programs\Microsoft VS Code\bin\javaw.exe (not found)
Check launcher:	C:\Users\salma\.dotnet\tools\bin\javaw.exe (not found)
Check launcher:	C:\Users\salma\AppData\Local\GitHubDesktop\bin\javaw.exe (not found)
Check launcher:	C:\Program Files\JetBrains\JetBrains Rider 2023.2\bin\javaw.exe (not found)
Check launcher:	C:\GUI_DEV_LIBRARIES\SDL2_image-devel-2.6.3-VC\SDL2_image-2.6.3\lib\x64\bin\javaw.exe (not found)
Check launcher:	C:\GUI_DEV_LIBRARIES\SDL2_image-devel-2.6.3-VC\SDL2_image-2.6.3\lib\x86\bin\javaw.exe (not found)
Check launcher:	C:\GUI_DEV_LIBRARIES\SDL2-devel-2.28.5-VC\SDL2-2.28.5\lib\x64\bin\javaw.exe (not found)
Check launcher:	C:\GUI_DEV_LIBRARIES\SDL2-devel-2.28.5-VC\SDL2-2.28.5\lib\x86\bin\javaw.exe (not found)
Check launcher:	C:\Users\salma\AppData\Roaming\npm\bin\javaw.exe (not found)
Check launcher:	C:\Program Files\Java\jre-1.8\bin\javaw.exe (OK)
Version string: 1.008.000_401 / 64-Bit (OK)
Launcher:	C:\Program Files\Java\jre-1.8\bin\javaw.exe
Launcher args:	-jar "G:\college\year_1\Term_2\Java\CollegeProjectCode\finalProject\salma.exe"
Args length:	78/32768 chars
Exit code:	0
